Started GET "/" for 127.0.0.1 at 2025-05-16 17:29:07 +0000
  [1m[35m (9.1ms)[0m  [1m[35mCREATE TABLE "schema_migrations" ("version" varchar NOT NULL PRIMARY KEY) /*application='ChessWebsite'*/[0m
  [1m[35m (1.7ms)[0m  [1m[35mCREATE TABLE "ar_internal_metadata" ("key" varchar NOT NULL PRIMARY KEY, "value" varchar, "created_at" datetime(6) NOT NULL, "updated_at" datetime(6) NOT NULL) /*application='ChessWebsite'*/[0m
  [1m[36mActiveRecord::SchemaMigration Load (2.1ms)[0m  [1m[34mSELECT "schema_migrations"."version" FROM "schema_migrations" ORDER BY "schema_migrations"."version" ASC /*application='ChessWebsite'*/[0m
Processing by Rails::WelcomeController#index as HTML
  Rendering /usr/local/rvm/gems/default/gems/railties-8.0.2/lib/rails/templates/rails/welcome/index.html.erb
  Rendered /usr/local/rvm/gems/default/gems/railties-8.0.2/lib/rails/templates/rails/welcome/index.html.erb (Duration: 3.4ms | GC: 0.0ms)
Completed 200 OK in 1640ms (Views: 93.0ms | ActiveRecord: 0.0ms (0 queries, 0 cached) | GC: 12.2ms)


Started GET "/favicon.ico" for 127.0.0.1 at 2025-05-16 17:35:30 +0000
  [1m[36mActiveRecord::SchemaMigration Load (2.1ms)[0m  [1m[34mSELECT "schema_migrations"."version" FROM "schema_migrations" ORDER BY "schema_migrations"."version" ASC /*application='ChessWebsite'*/[0m
  
ActionController::RoutingError (No route matches [GET] "/favicon.ico"):
  
Started GET "/moves?position=1-3" for 127.0.0.1 at 2025-05-16 17:35:49 +0000
  
ActionController::RoutingError (No route matches [GET] "/moves"):
  
Started GET "/moves?position=1-3" for 127.0.0.1 at 2025-05-16 17:35:53 +0000
  
ActionController::RoutingError (No route matches [GET] "/moves"):
  
Started GET "/moves?position=1-4" for 127.0.0.1 at 2025-05-16 17:38:11 +0000
  [1m[36mActiveRecord::SchemaMigration Load (3.2ms)[0m  [1m[34mSELECT "schema_migrations"."version" FROM "schema_migrations" ORDER BY "schema_migrations"."version" ASC /*application='ChessWebsite'*/[0m
  
ActionController::RoutingError (No route matches [GET] "/moves"):
  
Started GET "/moves?position=1-3" for 127.0.0.1 at 2025-05-16 18:47:03 +0000
  [1m[36mActiveRecord::SchemaMigration Load (3.6ms)[0m  [1m[34mSELECT "schema_migrations"."version" FROM "schema_migrations" ORDER BY "schema_migrations"."version" ASC /*application='ChessWebsite'*/[0m
Processing by ChessController#availableMoves as */*
  Parameters: {"position"=>"1-3", "chess"=>{}}
Completed 500 Internal Server Error in 1388ms (ActiveRecord: 0.0ms (0 queries, 0 cached) | GC: 1.2ms)


  
NameError (uninitialized constant ChessController::ChessGame):
  
app/controllers/chess_controller.rb:11:in `availableMoves'
Started GET "/moves?position=1-4" for 127.0.0.1 at 2025-05-16 18:48:21 +0000
  [1m[36mActiveRecord::SchemaMigration Load (1.8ms)[0m  [1m[34mSELECT "schema_migrations"."version" FROM "schema_migrations" ORDER BY "schema_migrations"."version" ASC /*application='ChessWebsite'*/[0m
Processing by ChessController#availableMoves as */*
  Parameters: {"position"=>"1-4", "chess"=>{}}
Completed 500 Internal Server Error in 1206ms (ActiveRecord: 0.0ms (0 queries, 0 cached) | GC: 1.1ms)


  
NameError (uninitialized constant ChessController::ChessGame):
  
app/controllers/chess_controller.rb:11:in `availableMoves'
Started GET "/moves?position=1-3" for 127.0.0.1 at 2025-05-16 18:52:06 +0000
  [1m[36mActiveRecord::SchemaMigration Load (1.6ms)[0m  [1m[34mSELECT "schema_migrations"."version" FROM "schema_migrations" ORDER BY "schema_migrations"."version" ASC /*application='ChessWebsite'*/[0m
Processing by ChessController#availableMoves as */*
  Parameters: {"position"=>"1-3", "chess"=>{}}
Completed 500 Internal Server Error in 1010ms (ActiveRecord: 0.0ms (0 queries, 0 cached) | GC: 1.1ms)


  
NoMethodError (undefined method `chess_piese' for an instance of Chess::Square):
  
app/controllers/chess_controller.rb:14:in `availableMoves'
Started GET "/moves?position=1-3" for 127.0.0.1 at 2025-05-16 18:53:01 +0000
  [1m[36mActiveRecord::SchemaMigration Load (2.2ms)[0m  [1m[34mSELECT "schema_migrations"."version" FROM "schema_migrations" ORDER BY "schema_migrations"."version" ASC /*application='ChessWebsite'*/[0m
Processing by ChessController#availableMoves as */*
  Parameters: {"position"=>"1-3", "chess"=>{}}
Completed 200 OK in 1105ms (Views: 1.1ms | ActiveRecord: 0.0ms (0 queries, 0 cached) | GC: 0.0ms)


Started GET "/moves?position=1-2" for 127.0.0.1 at 2025-05-16 18:53:30 +0000
Processing by ChessController#availableMoves as */*
  Parameters: {"position"=>"1-2", "chess"=>{}}
Completed 200 OK in 524ms (Views: 0.1ms | ActiveRecord: 0.0ms (0 queries, 0 cached) | GC: 0.0ms)


Started GET "/moves?position=1-5" for 127.0.0.1 at 2025-05-16 18:53:36 +0000
Processing by ChessController#availableMoves as */*
  Parameters: {"position"=>"1-5", "chess"=>{}}
Completed 200 OK in 610ms (Views: 0.3ms | ActiveRecord: 0.0ms (0 queries, 0 cached) | GC: 0.0ms)


Started GET "/moves?position=0-6" for 127.0.0.1 at 2025-05-16 18:53:40 +0000
Processing by ChessController#availableMoves as */*
  Parameters: {"position"=>"0-6", "chess"=>{}}
Completed 200 OK in 579ms (Views: 0.1ms | ActiveRecord: 0.0ms (0 queries, 0 cached) | GC: 0.0ms)


